c:\users\alex\desktop\bsuir\3 course_1\system programming\coursework_semester_3\battlecity_course\battlecity_course\x64\debug\vc143.pdb
c:\users\alex\desktop\bsuir\3 course_1\system programming\coursework_semester_3\battlecity_course\battlecity_course\x64\debug\vc143.idb
e:\bsuir\bsuir\3 course_1\system programming\coursework_semester_3\battlecity_course - copy\battlecity_course\x64\debug\vc143.pdb
e:\bsuir\bsuir\3 course_1\system programming\coursework_semester_3\battlecity_course - copy\battlecity_course\x64\debug\vc143.idb
e:\bsuir\bsuir\3 course_1\system programming\coursework_semester_3\battlecity_course - copy\battlecity_course\x64\debug\player.obj
e:\bsuir\bsuir\3 course_1\system programming\coursework_semester_3\battlecity_course - copy\battlecity_course\x64\debug\maptile.obj
e:\bsuir\bsuir\3 course_1\system programming\coursework_semester_3\battlecity_course - copy\battlecity_course\x64\debug\main.obj
e:\bsuir\bsuir\3 course_1\system programming\coursework_semester_3\battlecity_course - copy\battlecity_course\x64\debug\level.obj
e:\bsuir\bsuir\3 course_1\system programming\coursework_semester_3\battlecity_course - copy\battlecity_course\x64\debug\gameobject.obj
e:\bsuir\bsuir\3 course_1\system programming\coursework_semester_3\battlecity_course - copy\battlecity_course\x64\debug\game.obj
e:\bsuir\bsuir\3 course_1\system programming\coursework_semester_3\battlecity_course - copy\battlecity_course\x64\debug\enemy.obj
e:\bsuir\bsuir\3 course_1\system programming\coursework_semester_3\battlecity_course - copy\battlecity_course\x64\debug\displayinformation.obj
e:\bsuir\bsuir\3 course_1\system programming\coursework_semester_3\battlecity_course - copy\battlecity_course\x64\debug\bullet.obj
e:\bsuir\bsuir\3 course_1\system programming\coursework_semester_3\battlecity_course - copy\battlecity_course\x64\debug\bitmapmanager.obj
e:\bsuir\bsuir\3 course_1\system programming\coursework_semester_3\battlecity_course - copy\battlecity_course\x64\debug\bitmap.obj
e:\bsuir\bsuir\3 course_1\system programming\coursework_semester_3\copy_last_version\battlecity_course\x64\debug\vc143.pdb
e:\bsuir\bsuir\3 course_1\system programming\coursework_semester_3\copy_last_version\battlecity_course\x64\debug\vc143.idb
e:\bsuir\bsuir\3 course_1\system programming\coursework_semester_3\copy_last_version\battlecity_course\x64\debug\maptile.obj
e:\bsuir\bsuir\3 course_1\system programming\coursework_semester_3\copy_last_version\battlecity_course\x64\debug\level.obj
e:\bsuir\bsuir\3 course_1\system programming\coursework_semester_3\copy_last_version\battlecity_course\x64\debug\enemy.obj
e:\bsuir\bsuir\3 course_1\system programming\coursework_semester_3\copy_last_version\battlecity_course\x64\debug\bullet.obj
e:\bsuir\bsuir\3 course_1\system programming\coursework_semester_3\copy_last_version\battlecity_course\x64\debug\bitmapmanager.obj
e:\bsuir\bsuir\3 course_1\system programming\coursework_semester_3\copy_last_version\battlecity_course\x64\debug\bitmap.obj
e:\bsuir\bsuir\3 course_1\system programming\coursework_semester_3\battlecity_course - copy\x64\debug\battlecity_course.exe
e:\bsuir\bsuir\3 course_1\system programming\coursework_semester_3\battlecity_course - copy\battlecity_course\x64\debug\battlecity_course.ilk
e:\bsuir\bsuir\3 course_1\system programming\coursework_semester_3\battlecity_course - copy\x64\debug\battlecity_course.pdb
e:\bsuir\bsuir\3 course_1\system programming\coursework_semester_3\copy_last_version\battlecity_course\x64\debug\camera.obj
e:\bsuir\bsuir\3 course_1\system programming\coursework_semester_3\copy_last_version\battlecity_course\x64\debug\displayinformation.obj
e:\bsuir\bsuir\3 course_1\system programming\coursework_semester_3\copy_last_version\battlecity_course\x64\debug\game.obj
e:\bsuir\bsuir\3 course_1\system programming\coursework_semester_3\copy_last_version\battlecity_course\x64\debug\gameobject.obj
e:\bsuir\bsuir\3 course_1\system programming\coursework_semester_3\copy_last_version\battlecity_course\x64\debug\main.obj
e:\bsuir\bsuir\3 course_1\system programming\coursework_semester_3\copy_last_version\battlecity_course\x64\debug\player.obj
e:\bsuir\bsuir\3 course_1\system programming\coursework_semester_3\copy_last_version\battlecity_course\x64\debug\tile.obj
e:\bsuir\bsuir\3 course_1\system programming\coursework_semester_3\copy_last_version\battlecity_course\x64\debug\battlecity_course.ilk
e:\bsuir\bsuir\3 course_1\system programming\coursework_semester_3\copy_last_version\x64\debug\battlecity_course.pdb
e:\bsuir\bsuir\3 course_1\system programming\coursework_semester_3\copy_last_version\x64\debug\battlecity_course.exe
e:\bsuir\bsuir\3 course_1\system programming\coursework_semester_3\copy_last_version\battlecity_course\x64\debug\battleci.4b09abac.tlog\cl.command.1.tlog
e:\bsuir\bsuir\3 course_1\system programming\coursework_semester_3\copy_last_version\battlecity_course\x64\debug\battleci.4b09abac.tlog\cl.items.tlog
e:\bsuir\bsuir\3 course_1\system programming\coursework_semester_3\copy_last_version\battlecity_course\x64\debug\battleci.4b09abac.tlog\cl.read.1.tlog
e:\bsuir\bsuir\3 course_1\system programming\coursework_semester_3\copy_last_version\battlecity_course\x64\debug\battleci.4b09abac.tlog\cl.write.1.tlog
e:\bsuir\bsuir\3 course_1\system programming\coursework_semester_3\copy_last_version\battlecity_course\x64\debug\battleci.4b09abac.tlog\link.command.1.tlog
e:\bsuir\bsuir\3 course_1\system programming\coursework_semester_3\copy_last_version\battlecity_course\x64\debug\battleci.4b09abac.tlog\link.read.1.tlog
e:\bsuir\bsuir\3 course_1\system programming\coursework_semester_3\copy_last_version\battlecity_course\x64\debug\battleci.4b09abac.tlog\link.write.1.tlog
